ConferenceBasic_NCCPS/build/outputs/logs/manifest-merger-release-report.txt
-- Merging decision tree log ---
manifest
ADDED from NCCPS2018\ConferenceBasic_NCCPS\AndroidManifest.xml:2:1-312:12
	package
		ADDED from NCCPS2018\ConferenceBasic_NCCPS\AndroidManifest.xml:3:5-62
		INJECTED from NCCPS2018\ConferenceBasic_NCCPS\AndroidManifest.xml
		INJECTED from NCCPS2018\ConferenceBasic_NCCPS\AndroidManifest.xml
	android:versionName
		INJECTED from NCCPS2018\ConferenceBasic_NCCPS\AndroidManifest.xml
		INJECTED from NCCPS2018\ConferenceBasic_NCCPS\AndroidManifest.xml
	xmlns:android
		ADDED from NCCPS2018\ConferenceBasic_NCCPS\AndroidManifest.xml:2:11-69
	android:versionCode
		INJECTED from NCCPS2018\ConferenceBasic_NCCPS\AndroidManifest.xml
		INJECTED from NCCPS2018\ConferenceBasic_NCCPS\AndroidManifest.xml
uses-permission#android.permission.INTERNET
ADDED from NCCPS2018\ConferenceBasic_NCCPS\AndroidManifest.xml:5:5-67
	android:name
		ADDED from NCCPS2018\ConferenceBasic_NCCPS\AndroidManifest.xml:5:22-64
uses-permission#android.permission.ACCESS_COARSE_LOCATION
ADDED from NCCPS2018\ConferenceBasic_NCCPS\AndroidManifest.xml:6:5-81
	android:name
		ADDED from NCCPS2018\ConferenceBasic_NCCPS\AndroidManifest.xml:6:22-78
uses-permission#android.permission.ACCESS_FINE_LOCATION
ADDED from NCCPS2018\ConferenceBasic_NCCPS\AndroidManifest.xml:7:5-79
	android:name
		ADDED from NCCPS2018\ConferenceBasic_NCCPS\AndroidManifest.xml:7:22-76
uses-permission#android.permission.ACCESS_GPS
ADDED from NCCPS2018\ConferenceBasic_NCCPS\AndroidManifest.xml:8:5-69
	android:name
		ADDED from NCCPS2018\ConferenceBasic_NCCPS\AndroidManifest.xml:8:22-66
uses-permission#android.permission.ACCESS_ASSISTED_GPS
ADDED from NCCPS2018\ConferenceBasic_NCCPS\AndroidManifest.xml:9:5-78
	android:name
		ADDED from NCCPS2018\ConferenceBasic_NCCPS\AndroidManifest.xml:9:22-75
uses-permission#android.permission.ACCESS_LOCATION
ADDED from NCCPS2018\ConferenceBasic_NCCPS\AndroidManifest.xml:10:5-74
	android:name
		ADDED from NCCPS2018\ConferenceBasic_NCCPS\AndroidManifest.xml:10:22-71
uses-permission#android.permission.READ_LOGS
ADDED from NCCPS2018\ConferenceBasic_NCCPS\AndroidManifest.xml:11:5-68
	android:name
		ADDED from NCCPS2018\ConferenceBasic_NCCPS\AndroidManifest.xml:11:22-65
uses-permission#android.permission.CHANGE_CONFIGURATION
ADDED from NCCPS2018\ConferenceBasic_NCCPS\AndroidManifest.xml:12:5-79
	android:name
		ADDED from NCCPS2018\ConferenceBasic_NCCPS\AndroidManifest.xml:12:22-76
uses-permission#android.permission.SUPPRESSACCESSCHECKS
ADDED from NCCPS2018\ConferenceBasic_NCCPS\AndroidManifest.xml:13:5-79
	android:name
		ADDED from NCCPS2018\ConferenceBasic_NCCPS\AndroidManifest.xml:13:22-76
uses-permission#android.permission.READ_PHONE_STATE
ADDED from NCCPS2018\ConferenceBasic_NCCPS\AndroidManifest.xml:14:5-75
MERGED from [cn.finalteam:toolsfinal:1.1.5] AndroidManifest.xml:18:5-75
	android:name
		ADDED from NCCPS2018\ConferenceBasic_NCCPS\AndroidManifest.xml:14:22-72
uses-permission#android.permission.RECORD_AUDIO
ADDED from NCCPS2018\ConferenceBasic_NCCPS\AndroidManifest.xml:15:5-71
	android:name
		ADDED from NCCPS2018\ConferenceBasic_NCCPS\AndroidManifest.xml:15:22-68
uses-permission#android.permission.MOUNT_UNMOUNT_FILESYSTEMS
ADDED from NCCPS2018\ConferenceBasic_NCCPS\AndroidManifest.xml:16:5-84
MERGED from [cn.finalteam:galleryfinal:1.4.8.7] AndroidManifest.xml:12:5-84
MERGED from [cn.finalteam:toolsfinal:1.1.5] AndroidManifest.xml:12:5-84
	android:name
		ADDED from NCCPS2018\ConferenceBasic_NCCPS\AndroidManifest.xml:16:22-81
uses-permission#android.permission.ACCESS_WIFI_STATE
ADDED from NCCPS2018\ConferenceBasic_NCCPS\AndroidManifest.xml:17:5-76
MERGED from [cn.finalteam:toolsfinal:1.1.5] AndroidManifest.xml:20:5-76
	android:name
		ADDED from NCCPS2018\ConferenceBasic_NCCPS\AndroidManifest.xml:17:22-73
uses-permission#android.permission.CHANGE_WIFI_STATE
ADDED from NCCPS2018\ConferenceBasic_NCCPS\AndroidManifest.xml:18:5-76
	android:name
		ADDED from NCCPS2018\ConferenceBasic_NCCPS\AndroidManifest.xml:18:22-73
uses-permission#android.permission.ACCESS_NETWORK_STATE
ADDED from NCCPS2018\ConferenceBasic_NCCPS\AndroidManifest.xml:19:5-79
MERGED from [cn.finalteam:toolsfinal:1.1.5] AndroidManifest.xml:24:5-79
	android:name
		ADDED from NCCPS2018\ConferenceBasic_NCCPS\AndroidManifest.xml:19:22-76
uses-permission#android.permission.CAMERA
ADDED from NCCPS2018\ConferenceBasic_NCCPS\AndroidManifest.xml:20:5-65
	android:name
		ADDED from NCCPS2018\ConferenceBasic_NCCPS\AndroidManifest.xml:20:22-62
uses-permission#android.permission.WRITE_EXTERNAL_STORAGE
ADDED from NCCPS2018\ConferenceBasic_NCCPS\AndroidManifest.xml:21:5-81
MERGED from [cn.finalteam:galleryfinal:1.4.8.7] AndroidManifest.xml:14:5-81
MERGED from [cn.finalteam:toolsfinal:1.1.5] AndroidManifest.xml:14:5-81
	android:name
		ADDED from NCCPS2018\ConferenceBasic_NCCPS\AndroidManifest.xml:21:22-78
uses-permission#android.permission.WAKE_LOCK
ADDED from NCCPS2018\ConferenceBasic_NCCPS\AndroidManifest.xml:22:5-68
	android:name
		ADDED from NCCPS2018\ConferenceBasic_NCCPS\AndroidManifest.xml:22:22-65
uses-permission#android.permission.SYSTEM_ALERT_WINDOW
ADDED from NCCPS2018\ConferenceBasic_NCCPS\AndroidManifest.xml:23:5-78
	android:name
		ADDED from NCCPS2018\ConferenceBasic_NCCPS\AndroidManifest.xml:23:22-75
uses-permission#android.permission.SYSTEM_OVERLAY_WINDOW
ADDED from NCCPS2018\ConferenceBasic_NCCPS\AndroidManifest.xml:24:5-80
	android:name
		ADDED from NCCPS2018\ConferenceBasic_NCCPS\AndroidManifest.xml:24:22-77
uses-permission#android.permission.VIBRATE
ADDED from NCCPS2018\ConferenceBasic_NCCPS\AndroidManifest.xml:25:5-66
	android:name
		ADDED from NCCPS2018\ConferenceBasic_NCCPS\AndroidManifest.xml:25:22-63
uses-permission#android.permission.FLASHLIGHT
ADDED from NCCPS2018\ConferenceBasic_NCCPS\AndroidManifest.xml:26:5-69
	android:name
		ADDED from NCCPS2018\ConferenceBasic_NCCPS\AndroidManifest.xml:26:22-66
uses-feature#android.hardware.camera
ADDED from NCCPS2018\ConferenceBasic_NCCPS\AndroidManifest.xml:30:5-60
	android:name
		ADDED from NCCPS2018\ConferenceBasic_NCCPS\AndroidManifest.xml:30:19-57
uses-feature#android.hardware.camera.autofocus
ADDED from NCCPS2018\ConferenceBasic_NCCPS\AndroidManifest.xml:31:5-70
	android:name
		ADDED from NCCPS2018\ConferenceBasic_NCCPS\AndroidManifest.xml:31:19-67
uses-permission#android.permission.READ_EXTERNAL_STORAGE
ADDED from NCCPS2018\ConferenceBasic_NCCPS\AndroidManifest.xml:33:5-80
MERGED from [cn.finalteam:galleryfinal:1.4.8.7] AndroidManifest.xml:16:5-80
MERGED from [cn.finalteam:toolsfinal:1.1.5] AndroidManifest.xml:16:5-80
	android:name
		ADDED from NCCPS2018\ConferenceBasic_NCCPS\AndroidManifest.xml:33:22-77
uses-permission#android.permission.USE_CREDENTIALS
ADDED from NCCPS2018\ConferenceBasic_NCCPS\AndroidManifest.xml:34:5-74
	android:name
		ADDED from NCCPS2018\ConferenceBasic_NCCPS\AndroidManifest.xml:34:22-71
uses-permission#android.permission.GET_ACCOUNTS
ADDED from NCCPS2018\ConferenceBasic_NCCPS\AndroidManifest.xml:35:5-71
	android:name
		ADDED from NCCPS2018\ConferenceBasic_NCCPS\AndroidManifest.xml:35:22-68
uses-permission#android.permission.READ_PROFILE
ADDED from NCCPS2018\ConferenceBasic_NCCPS\AndroidManifest.xml:36:5-71
	android:name
		ADDED from NCCPS2018\ConferenceBasic_NCCPS\AndroidManifest.xml:36:22-68
permission#cn.incongress.nccps.permission.JPUSH_MESSAGE
ADDED from NCCPS2018\ConferenceBasic_NCCPS\AndroidManifest.xml:41:5-43:47
	android:protectionLevel
		ADDED from NCCPS2018\ConferenceBasic_NCCPS\AndroidManifest.xml:43:9-44
	android:name
		ADDED from NCCPS2018\ConferenceBasic_NCCPS\AndroidManifest.xml:42:9-68
uses-permission#cn.incongress.nccps.permission.JPUSH_MESSAGE
ADDED from NCCPS2018\ConferenceBasic_NCCPS\AndroidManifest.xml:46:5-84
	android:name
		ADDED from NCCPS2018\ConferenceBasic_NCCPS\AndroidManifest.xml:46:22-81
uses-permission#android.permission.RECEIVE_USER_PRESENT
ADDED from NCCPS2018\ConferenceBasic_NCCPS\AndroidManifest.xml:47:5-79
	android:name
		ADDED from NCCPS2018\ConferenceBasic_NCCPS\AndroidManifest.xml:47:22-76
uses-permission#android.permission.WRITE_SETTINGS
ADDED from NCCPS2018\ConferenceBasic_NCCPS\AndroidManifest.xml:49:5-73
	android:name
		ADDED from NCCPS2018\ConferenceBasic_NCCPS\AndroidManifest.xml:49:22-70
uses-permission#android.permission.ACCESS_LOCATION_EXTRA_COMMANDS
ADDED from NCCPS2018\ConferenceBasic_NCCPS\AndroidManifest.xml:53:5-89
	android:name
		ADDED from NCCPS2018\ConferenceBasic_NCCPS\AndroidManifest.xml:53:22-86
uses-permission#android.permission.CHANGE_NETWORK_STATE
ADDED from NCCPS2018\ConferenceBasic_NCCPS\AndroidManifest.xml:54:5-79
	android:name
		ADDED from NCCPS2018\ConferenceBasic_NCCPS\AndroidManifest.xml:54:22-76
application
ADDED from NCCPS2018\ConferenceBasic_NCCPS\AndroidManifest.xml:62:5-310:19
MERGED from [com.android.support:cardview-v7:25.2.0] AndroidManifest.xml:22:5-20
MERGED from [com.bm.photoview:library:1.3.6] AndroidManifest.xml:11:5-12:19
MERGED from [cn.finalteam:galleryfinal:1.4.8.7] AndroidManifest.xml:18:5-34:19
MERGED from [org.litepal.android:core:1.3.2] AndroidManifest.xml:11:5-14:19
MERGED from [com.jcodecraeer:xrecyclerview:1.2.7] AndroidManifest.xml:11:5-20
MERGED from [NCCPS2018:Library_SuperRecyclerView:unspecified] AndroidManifest.xml:10:5-20
MERGED from [NCCPS2018:bottom-navigation-bar:unspecified] AndroidManifest.xml:9:5-11:38
MERGED from [com.android.support:design:25.2.0] AndroidManifest.xml:25:5-20
MERGED from [com.android.support:appcompat-v7:25.2.0] AndroidManifest.xml:25:5-20
MERGED from [com.android.support:animated-vector-drawable:25.2.0] AndroidManifest.xml:22:5-20
MERGED from [com.android.support:support-vector-drawable:25.2.0] AndroidManifest.xml:23:5-20
MERGED from [com.android.support:transition:25.2.0] AndroidManifest.xml:22:5-20
MERGED from [com.android.support:support-v4:25.2.0] AndroidManifest.xml:25:5-20
MERGED from [com.android.support:support-fragment:25.2.0] AndroidManifest.xml:25:5-20
MERGED from [com.android.support:support-media-compat:25.2.0] AndroidManifest.xml:25:5-20
MERGED from [com.android.support:support-core-ui:25.2.0] AndroidManifest.xml:25:5-20
MERGED from [com.android.support:support-core-utils:25.2.0] AndroidManifest.xml:25:5-20
MERGED from [com.android.support:support-compat:25.2.0] AndroidManifest.xml:25:5-20
	android:label
		ADDED from NCCPS2018\ConferenceBasic_NCCPS\AndroidManifest.xml:67:9-41
	android:supportsRtl
		ADDED from [cn.finalteam:galleryfinal:1.4.8.7] AndroidManifest.xml:21:9-35
	android:hardwareAccelerated
		ADDED from NCCPS2018\ConferenceBasic_NCCPS\AndroidManifest.xml:65:9-43
	android:allowBackup
		ADDED from NCCPS2018\ConferenceBasic_NCCPS\AndroidManifest.xml:64:9-35
	android:icon
		ADDED from NCCPS2018\ConferenceBasic_NCCPS\AndroidManifest.xml:66:9-45
	android:largeHeap
		ADDED from NCCPS2018\ConferenceBasic_NCCPS\AndroidManifest.xml:68:9-33
	android:theme
		ADDED from NCCPS2018\ConferenceBasic_NCCPS\AndroidManifest.xml:69:9-44
	android:name
		ADDED from NCCPS2018\ConferenceBasic_NCCPS\AndroidManifest.xml:63:9-80
activity#com.android.incongress.cd.conference.SplashActivity
ADDED from NCCPS2018\ConferenceBasic_NCCPS\AndroidManifest.xml:76:9-88:20
	android:screenOrientation
		ADDED from NCCPS2018\ConferenceBasic_NCCPS\AndroidManifest.xml:81:13-49
	android:label
		ADDED from NCCPS2018\ConferenceBasic_NCCPS\AndroidManifest.xml:80:13-45
	android:hardwareAccelerated
		ADDED from NCCPS2018\ConferenceBasic_NCCPS\AndroidManifest.xml:79:13-47
	android:exported
		ADDED from NCCPS2018\ConferenceBasic_NCCPS\AndroidManifest.xml:78:13-36
	android:windowSoftInputMode
		ADDED from NCCPS2018\ConferenceBasic_NCCPS\AndroidManifest.xml:83:13-56
	android:theme
		ADDED from NCCPS2018\ConferenceBasic_NCCPS\AndroidManifest.xml:82:13-69
	android:name
		ADDED from NCCPS2018\ConferenceBasic_NCCPS\AndroidManifest.xml:77:13-79
intent-filter#android.intent.action.MAIN+android.intent.category.LAUNCHER
ADDED from NCCPS2018\ConferenceBasic_NCCPS\AndroidManifest.xml:84:13-87:29
action#android.intent.action.MAIN
ADDED from NCCPS2018\ConferenceBasic_NCCPS\AndroidManifest.xml:85:17-69
	android:name
		ADDED from NCCPS2018\ConferenceBasic_NCCPS\AndroidManifest.xml:85:25-66
category#android.intent.category.LAUNCHER
ADDED from NCCPS2018\ConferenceBasic_NCCPS\AndroidManifest.xml:86:17-77
	android:name
		ADDED from NCCPS2018\ConferenceBasic_NCCPS\AndroidManifest.xml:86:27-74
activity#com.android.incongress.cd.conference.AdvertisesActivity
ADDED from NCCPS2018\ConferenceBasic_NCCPS\AndroidManifest.xml:89:9-91:75
	android:theme
		ADDED from NCCPS2018\ConferenceBasic_NCCPS\AndroidManifest.xml:91:13-72
	android:name
		ADDED from NCCPS2018\ConferenceBasic_NCCPS\AndroidManifest.xml:90:13-83
activity#com.android.incongress.cd.conference.GuideAcitivity
ADDED from NCCPS2018\ConferenceBasic_NCCPS\AndroidManifest.xml:92:9-95:75
	android:screenOrientation
		ADDED from NCCPS2018\ConferenceBasic_NCCPS\AndroidManifest.xml:94:13-49
	android:theme
		ADDED from NCCPS2018\ConferenceBasic_NCCPS\AndroidManifest.xml:95:13-72
	android:name
		ADDED from NCCPS2018\ConferenceBasic_NCCPS\AndroidManifest.xml:93:13-79
activity#com.android.incongress.cd.conference.HomeActivity
ADDED from NCCPS2018\ConferenceBasic_NCCPS\AndroidManifest.xml:97:9-102:64
	android:screenOrientation
		ADDED from NCCPS2018\ConferenceBasic_NCCPS\AndroidManifest.xml:100:13-49
	android:launchMode
		ADDED from NCCPS2018\ConferenceBasic_NCCPS\AndroidManifest.xml:99:13-44
	android:windowSoftInputMode
		ADDED from NCCPS2018\ConferenceBasic_NCCPS\AndroidManifest.xml:102:13-52
	android:theme
		ADDED from NCCPS2018\ConferenceBasic_NCCPS\AndroidManifest.xml:101:13-57
	android:name
		ADDED from NCCPS2018\ConferenceBasic_NCCPS\AndroidManifest.xml:98:13-77
activity#com.android.incongress.cd.conference.fragments.cit_live.CitLiveFragment
ADDED from NCCPS2018\ConferenceBasic_NCCPS\AndroidManifest.xml:104:9-108:72
	android:screenOrientation
		ADDED from NCCPS2018\ConferenceBasic_NCCPS\AndroidManifest.xml:107:13-49
	android:configChanges
		ADDED from NCCPS2018\ConferenceBasic_NCCPS\AndroidManifest.xml:106:13-74
	android:theme
		ADDED from NCCPS2018\ConferenceBasic_NCCPS\AndroidManifest.xml:108:13-60
	android:name
		ADDED from NCCPS2018\ConferenceBasic_NCCPS\AndroidManifest.xml:105:13-99
activity#com.android.incongress.cd.conference.CollegeActivity
ADDED from NCCPS2018\ConferenceBasic_NCCPS\AndroidManifest.xml:110:9-115:64
	android:screenOrientation
		ADDED from NCCPS2018\ConferenceBasic_NCCPS\AndroidManifest.xml:113:13-49
	android:windowSoftInputMode
		ADDED from NCCPS2018\ConferenceBasic_NCCPS\AndroidManifest.xml:115:13-52
	android:configChanges
		ADDED from NCCPS2018\ConferenceBasic_NCCPS\AndroidManifest.xml:112:13-74
	android:theme
		ADDED from NCCPS2018\ConferenceBasic_NCCPS\AndroidManifest.xml:114:13-60
	android:name
		ADDED from NCCPS2018\ConferenceBasic_NCCPS\AndroidManifest.xml:111:13-80
activity#com.android.incongress.cd.conference.LoginActivity
ADDED from NCCPS2018\ConferenceBasic_NCCPS\AndroidManifest.xml:117:9-120:73
	android:windowSoftInputMode
		ADDED from NCCPS2018\ConferenceBasic_NCCPS\AndroidManifest.xml:120:13-70
	android:theme
		ADDED from NCCPS2018\ConferenceBasic_NCCPS\AndroidManifest.xml:119:13-47
	android:name
		ADDED from NCCPS2018\ConferenceBasic_NCCPS\AndroidManifest.xml:118:13-78
activity#com.android.incongress.cd.conference.GestureImageViewActivity
ADDED from NCCPS2018\ConferenceBasic_NCCPS\AndroidManifest.xml:122:9-125:72
	android:screenOrientation
		ADDED from NCCPS2018\ConferenceBasic_NCCPS\AndroidManifest.xml:124:13-49
	android:theme
		ADDED from NCCPS2018\ConferenceBasic_NCCPS\AndroidManifest.xml:125:13-60
	android:name
		ADDED from NCCPS2018\ConferenceBasic_NCCPS\AndroidManifest.xml:123:13-89
activity#com.android.incongress.cd.conference.WebViewVideoActivity
ADDED from NCCPS2018\ConferenceBasic_NCCPS\AndroidManifest.xml:126:9-129:72
	android:configChanges
		ADDED from NCCPS2018\ConferenceBasic_NCCPS\AndroidManifest.xml:128:13-85
	android:theme
		ADDED from NCCPS2018\ConferenceBasic_NCCPS\AndroidManifest.xml:129:13-60
	android:name
		ADDED from NCCPS2018\ConferenceBasic_NCCPS\AndroidManifest.xml:127:13-85
receiver#com.android.incongress.cd.conference.utils.AlarmInitReceiver
ADDED from NCCPS2018\ConferenceBasic_NCCPS\AndroidManifest.xml:131:9-138:20
	android:name
		ADDED from NCCPS2018\ConferenceBasic_NCCPS\AndroidManifest.xml:131:19-94
intent-filter#android.intent.action.BOOT_COMPLETED+android.intent.action.LOCALE_CHANGED+android.intent.action.TIMEZONE_CHANGED+android.intent.action.TIME_SET
ADDED from NCCPS2018\ConferenceBasic_NCCPS\AndroidManifest.xml:132:13-137:29
action#android.intent.action.BOOT_COMPLETED
ADDED from NCCPS2018\ConferenceBasic_NCCPS\AndroidManifest.xml:133:17-79
	android:name
		ADDED from NCCPS2018\ConferenceBasic_NCCPS\AndroidManifest.xml:133:25-76
action#android.intent.action.TIME_SET
ADDED from NCCPS2018\ConferenceBasic_NCCPS\AndroidManifest.xml:134:17-73
	android:name
		ADDED from NCCPS2018\ConferenceBasic_NCCPS\AndroidManifest.xml:134:25-70
action#android.intent.action.TIMEZONE_CHANGED
ADDED from NCCPS2018\ConferenceBasic_NCCPS\AndroidManifest.xml:135:17-81
	android:name
		ADDED from NCCPS2018\ConferenceBasic_NCCPS\AndroidManifest.xml:135:25-78
action#android.intent.action.LOCALE_CHANGED
ADDED from NCCPS2018\ConferenceBasic_NCCPS\AndroidManifest.xml:136:17-79
	android:name
		ADDED from NCCPS2018\ConferenceBasic_NCCPS\AndroidManifest.xml:136:25-76
receiver#com.android.incongress.cd.conference.utils.AlarmReceiver
ADDED from NCCPS2018\ConferenceBasic_NCCPS\AndroidManifest.xml:139:9-145:20
	android:name
		ADDED from NCCPS2018\ConferenceBasic_NCCPS\AndroidManifest.xml:139:19-90
intent-filter#alarm_killed+cancel_snooze+com.android.incongress.cd.conference.alarm_start
ADDED from NCCPS2018\ConferenceBasic_NCCPS\AndroidManifest.xml:140:13-144:29
action#com.android.incongress.cd.conference.alarm_start
ADDED from NCCPS2018\ConferenceBasic_NCCPS\AndroidManifest.xml:141:17-91
	android:name
		ADDED from NCCPS2018\ConferenceBasic_NCCPS\AndroidManifest.xml:141:25-88
action#alarm_killed
ADDED from NCCPS2018\ConferenceBasic_NCCPS\AndroidManifest.xml:142:17-55
	android:name
		ADDED from NCCPS2018\ConferenceBasic_NCCPS\AndroidManifest.xml:142:25-52
action#cancel_snooze
ADDED from NCCPS2018\ConferenceBasic_NCCPS\AndroidManifest.xml:143:17-56
	android:name
		ADDED from NCCPS2018\ConferenceBasic_NCCPS\AndroidManifest.xml:143:25-53
service#com.android.incongress.cd.conference.utils.AlarmKlaxon
ADDED from NCCPS2018\ConferenceBasic_NCCPS\AndroidManifest.xml:147:9-151:19
	android:name
		ADDED from NCCPS2018\ConferenceBasic_NCCPS\AndroidManifest.xml:147:18-87
intent-filter#com.android.incongress.cd.conference.alarm_start
ADDED from NCCPS2018\ConferenceBasic_NCCPS\AndroidManifest.xml:148:13-150:29
service#com.android.incongress.cd.conference.services.AdService
ADDED from NCCPS2018\ConferenceBasic_NCCPS\AndroidManifest.xml:152:9-99
	android:name
		ADDED from NCCPS2018\ConferenceBasic_NCCPS\AndroidManifest.xml:152:18-88
activity#com.android.incongress.cd.conference.WebViewContainerActivity
ADDED from NCCPS2018\ConferenceBasic_NCCPS\AndroidManifest.xml:154:9-98
	android:name
		ADDED from NCCPS2018\ConferenceBasic_NCCPS\AndroidManifest.xml:154:19-95
activity#com.android.incongress.cd.conference.ScenicXiuPicsViewpagerActivity
ADDED from NCCPS2018\ConferenceBasic_NCCPS\AndroidManifest.xml:155:9-157:74
	android:theme
		ADDED from NCCPS2018\ConferenceBasic_NCCPS\AndroidManifest.xml:157:13-71
	android:name
		ADDED from NCCPS2018\ConferenceBasic_NCCPS\AndroidManifest.xml:156:13-95
activity#com.android.incongress.cd.conference.fragments.professor_secretary.AnswerQuestionActivity
ADDED from NCCPS2018\ConferenceBasic_NCCPS\AndroidManifest.xml:158:9-126
	android:name
		ADDED from NCCPS2018\ConferenceBasic_NCCPS\AndroidManifest.xml:158:19-123
activity#com.android.incongress.cd.conference.RegisterActivity
ADDED from NCCPS2018\ConferenceBasic_NCCPS\AndroidManifest.xml:161:9-90
	android:name
		ADDED from NCCPS2018\ConferenceBasic_NCCPS\AndroidManifest.xml:161:19-87
activity#com.android.incongress.cd.conference.RegisterConfirmActivity
ADDED from NCCPS2018\ConferenceBasic_NCCPS\AndroidManifest.xml:162:9-97
	android:name
		ADDED from NCCPS2018\ConferenceBasic_NCCPS\AndroidManifest.xml:162:19-94
activity#com.android.incongress.cd.conference.fragments.professor_secretary.SecretaryActivity
ADDED from NCCPS2018\ConferenceBasic_NCCPS\AndroidManifest.xml:163:9-121
	android:name
		ADDED from NCCPS2018\ConferenceBasic_NCCPS\AndroidManifest.xml:163:19-118
service#cn.jpush.android.service.PushService
ADDED from NCCPS2018\ConferenceBasic_NCCPS\AndroidManifest.xml:165:9-175:19
	android:enabled
		ADDED from NCCPS2018\ConferenceBasic_NCCPS\AndroidManifest.xml:167:13-35
	android:exported
		ADDED from NCCPS2018\ConferenceBasic_NCCPS\AndroidManifest.xml:168:13-37
	android:name
		ADDED from NCCPS2018\ConferenceBasic_NCCPS\AndroidManifest.xml:166:13-64
intent-filter#cn.jpush.android.intent.PUSH_TIME+cn.jpush.android.intent.PushService+cn.jpush.android.intent.REGISTER+cn.jpush.android.intent.REPORT
ADDED from NCCPS2018\ConferenceBasic_NCCPS\AndroidManifest.xml:169:13-174:29
action#cn.jpush.android.intent.REGISTER
ADDED from NCCPS2018\ConferenceBasic_NCCPS\AndroidManifest.xml:170:17-75
	android:name
		ADDED from NCCPS2018\ConferenceBasic_NCCPS\AndroidManifest.xml:170:25-72
action#cn.jpush.android.intent.REPORT
ADDED from NCCPS2018\ConferenceBasic_NCCPS\AndroidManifest.xml:171:17-73
	android:name
		ADDED from NCCPS2018\ConferenceBasic_NCCPS\AndroidManifest.xml:171:25-70
action#cn.jpush.android.intent.PushService
ADDED from NCCPS2018\ConferenceBasic_NCCPS\AndroidManifest.xml:172:17-78
	android:name
		ADDED from NCCPS2018\ConferenceBasic_NCCPS\AndroidManifest.xml:172:25-75
action#cn.jpush.android.intent.PUSH_TIME
ADDED from NCCPS2018\ConferenceBasic_NCCPS\AndroidManifest.xml:173:17-76
	android:name
		ADDED from NCCPS2018\ConferenceBasic_NCCPS\AndroidManifest.xml:173:25-73
receiver#com.android.incongress.cd.conference.receiver.JPushReceiver
ADDED from NCCPS2018\ConferenceBasic_NCCPS\AndroidManifest.xml:177:9-189:20
	android:name
		ADDED from NCCPS2018\ConferenceBasic_NCCPS\AndroidManifest.xml:177:19-93
intent-filter#cn.incongress.nccps+cn.jpush.android.intent.ACTION_RICHPUSH_CALLBACK+cn.jpush.android.intent.CONNECTION+cn.jpush.android.intent.MESSAGE_RECEIVED+cn.jpush.android.intent.NOTIFICATION_OPENED+cn.jpush.android.intent.NOTIFICATION_RECEIVED+cn.jpush.android.intent.REGISTRATION+cn.jpush.android.intent.UNREGISTRATION
ADDED from NCCPS2018\ConferenceBasic_NCCPS\AndroidManifest.xml:178:13-188:29
action#cn.jpush.android.intent.REGISTRATION
ADDED from NCCPS2018\ConferenceBasic_NCCPS\AndroidManifest.xml:179:17-79
	android:name
		ADDED from NCCPS2018\ConferenceBasic_NCCPS\AndroidManifest.xml:179:25-76
action#cn.jpush.android.intent.UNREGISTRATION
ADDED from NCCPS2018\ConferenceBasic_NCCPS\AndroidManifest.xml:180:17-81
	android:name
		ADDED from NCCPS2018\ConferenceBasic_NCCPS\AndroidManifest.xml:180:25-78
action#cn.jpush.android.intent.MESSAGE_RECEIVED
ADDED from NCCPS2018\ConferenceBasic_NCCPS\AndroidManifest.xml:181:17-83
	android:name
		ADDED from NCCPS2018\ConferenceBasic_NCCPS\AndroidManifest.xml:181:25-80
action#cn.jpush.android.intent.NOTIFICATION_RECEIVED
ADDED from NCCPS2018\ConferenceBasic_NCCPS\AndroidManifest.xml:182:17-88
	android:name
		ADDED from NCCPS2018\ConferenceBasic_NCCPS\AndroidManifest.xml:182:25-85
action#cn.jpush.android.intent.NOTIFICATION_OPENED
ADDED from NCCPS2018\ConferenceBasic_NCCPS\AndroidManifest.xml:183:17-86
	android:name
		ADDED from NCCPS2018\ConferenceBasic_NCCPS\AndroidManifest.xml:183:25-83
action#cn.jpush.android.intent.ACTION_RICHPUSH_CALLBACK
ADDED from NCCPS2018\ConferenceBasic_NCCPS\AndroidManifest.xml:184:17-91
	android:name
		ADDED from NCCPS2018\ConferenceBasic_NCCPS\AndroidManifest.xml:184:25-88
action#cn.jpush.android.intent.CONNECTION
ADDED from NCCPS2018\ConferenceBasic_NCCPS\AndroidManifest.xml:185:17-77
	android:name
		ADDED from NCCPS2018\ConferenceBasic_NCCPS\AndroidManifest.xml:185:25-74
category#cn.incongress.nccps
ADDED from NCCPS2018\ConferenceBasic_NCCPS\AndroidManifest.xml:187:17-64
	android:name
		ADDED from NCCPS2018\ConferenceBasic_NCCPS\AndroidManifest.xml:187:27-61
receiver#cn.jpush.android.service.PushReceiver
ADDED from NCCPS2018\ConferenceBasic_NCCPS\AndroidManifest.xml:192:9-210:20
	android:enabled
		ADDED from NCCPS2018\ConferenceBasic_NCCPS\AndroidManifest.xml:194:13-35
	android:name
		ADDED from NCCPS2018\ConferenceBasic_NCCPS\AndroidManifest.xml:193:13-65
intent-filter#cn.incongress.nccps+cn.jpush.android.intent.NOTIFICATION_RECEIVED_PROXY
ADDED from NCCPS2018\ConferenceBasic_NCCPS\AndroidManifest.xml:195:13-199:29
	android:priority
		ADDED from NCCPS2018\ConferenceBasic_NCCPS\AndroidManifest.xml:195:28-51
action#cn.jpush.android.intent.NOTIFICATION_RECEIVED_PROXY
ADDED from NCCPS2018\ConferenceBasic_NCCPS\AndroidManifest.xml:196:17-94
	android:name
		ADDED from NCCPS2018\ConferenceBasic_NCCPS\AndroidManifest.xml:196:25-91
intent-filter#android.intent.action.USER_PRESENT+android.net.conn.CONNECTIVITY_CHANGE
ADDED from NCCPS2018\ConferenceBasic_NCCPS\AndroidManifest.xml:200:13-203:29
action#android.intent.action.USER_PRESENT
ADDED from NCCPS2018\ConferenceBasic_NCCPS\AndroidManifest.xml:201:17-77
	android:name
		ADDED from NCCPS2018\ConferenceBasic_NCCPS\AndroidManifest.xml:201:25-74
action#android.net.conn.CONNECTIVITY_CHANGE
ADDED from NCCPS2018\ConferenceBasic_NCCPS\AndroidManifest.xml:202:17-79
	android:name
		ADDED from NCCPS2018\ConferenceBasic_NCCPS\AndroidManifest.xml:202:25-76
intent-filter#android.intent.action.PACKAGE_ADDED+android.intent.action.PACKAGE_REMOVED
ADDED from NCCPS2018\ConferenceBasic_NCCPS\AndroidManifest.xml:204:13-209:29
action#android.intent.action.PACKAGE_ADDED
ADDED from NCCPS2018\ConferenceBasic_NCCPS\AndroidManifest.xml:205:17-78
	android:name
		ADDED from NCCPS2018\ConferenceBasic_NCCPS\AndroidManifest.xml:205:25-75
action#android.intent.action.PACKAGE_REMOVED
ADDED from NCCPS2018\ConferenceBasic_NCCPS\AndroidManifest.xml:206:17-80
	android:name
		ADDED from NCCPS2018\ConferenceBasic_NCCPS\AndroidManifest.xml:206:25-77
data
ADDED from NCCPS2018\ConferenceBasic_NCCPS\AndroidManifest.xml:208:17-50
	android:scheme
		ADDED from NCCPS2018\ConferenceBasic_NCCPS\AndroidManifest.xml:208:23-47
activity#cn.jpush.android.ui.PushActivity
ADDED from NCCPS2018\ConferenceBasic_NCCPS\AndroidManifest.xml:212:9-222:20
	android:configChanges
		ADDED from NCCPS2018\ConferenceBasic_NCCPS\AndroidManifest.xml:214:13-63
	android:theme
		ADDED from NCCPS2018\ConferenceBasic_NCCPS\AndroidManifest.xml:215:13-72
	android:name
		ADDED from NCCPS2018\ConferenceBasic_NCCPS\AndroidManifest.xml:213:13-60
intent-filter#android.intent.category.DEFAULT+cn.incongress.nccps+cn.jpush.android.ui.PushActivity
ADDED from NCCPS2018\ConferenceBasic_NCCPS\AndroidManifest.xml:216:13-221:29
action#cn.jpush.android.ui.PushActivity
ADDED from NCCPS2018\ConferenceBasic_NCCPS\AndroidManifest.xml:217:17-75
	android:name
		ADDED from NCCPS2018\ConferenceBasic_NCCPS\AndroidManifest.xml:217:25-72
category#android.intent.category.DEFAULT
ADDED from NCCPS2018\ConferenceBasic_NCCPS\AndroidManifest.xml:219:17-76
	android:name
		ADDED from NCCPS2018\ConferenceBasic_NCCPS\AndroidManifest.xml:219:27-73
service#cn.jpush.android.service.DownloadService
ADDED from NCCPS2018\ConferenceBasic_NCCPS\AndroidManifest.xml:225:9-228:48
	android:enabled
		ADDED from NCCPS2018\ConferenceBasic_NCCPS\AndroidManifest.xml:227:13-35
	android:exported
		ADDED from NCCPS2018\ConferenceBasic_NCCPS\AndroidManifest.xml:228:13-37
	android:name
		ADDED from NCCPS2018\ConferenceBasic_NCCPS\AndroidManifest.xml:226:13-68
receiver#cn.jpush.android.service.AlarmReceiver
ADDED from NCCPS2018\ConferenceBasic_NCCPS\AndroidManifest.xml:230:9-75
	android:name
		ADDED from NCCPS2018\ConferenceBasic_NCCPS\AndroidManifest.xml:230:19-72
meta-data#JPUSH_CHANNEL
ADDED from NCCPS2018\ConferenceBasic_NCCPS\AndroidManifest.xml:239:9-241:49
	android:value
		ADDED from NCCPS2018\ConferenceBasic_NCCPS\AndroidManifest.xml:241:13-46
	android:name
		ADDED from NCCPS2018\ConferenceBasic_NCCPS\AndroidManifest.xml:240:13-41
meta-data#JPUSH_APPKEY
ADDED from NCCPS2018\ConferenceBasic_NCCPS\AndroidManifest.xml:243:9-245:56
	android:value
		ADDED from NCCPS2018\ConferenceBasic_NCCPS\AndroidManifest.xml:245:13-53
	android:name
		ADDED from NCCPS2018\ConferenceBasic_NCCPS\AndroidManifest.xml:244:13-40
activity#com.android.incongress.cd.conference.CountryCodeActivity
ADDED from NCCPS2018\ConferenceBasic_NCCPS\AndroidManifest.xml:247:9-102
	android:name
		ADDED from NCCPS2018\ConferenceBasic_NCCPS\AndroidManifest.xml:247:19-90
activity#com.android.incongress.cd.conference.ChooseIdentityActivity
ADDED from NCCPS2018\ConferenceBasic_NCCPS\AndroidManifest.xml:249:9-96
	android:name
		ADDED from NCCPS2018\ConferenceBasic_NCCPS\AndroidManifest.xml:249:19-93
activity#com.android.incongress.cd.conference.ConferencedDownloadDetailActivity
ADDED from NCCPS2018\ConferenceBasic_NCCPS\AndroidManifest.xml:250:9-107
	android:name
		ADDED from NCCPS2018\ConferenceBasic_NCCPS\AndroidManifest.xml:250:19-104
activity#com.android.incongress.cd.conference.FindbackCCodeFirstActivity
ADDED from NCCPS2018\ConferenceBasic_NCCPS\AndroidManifest.xml:251:9-100
	android:name
		ADDED from NCCPS2018\ConferenceBasic_NCCPS\AndroidManifest.xml:251:19-97
activity#com.android.incongress.cd.conference.ParticipantLoginActivity
ADDED from NCCPS2018\ConferenceBasic_NCCPS\AndroidManifest.xml:252:9-98
	android:name
		ADDED from NCCPS2018\ConferenceBasic_NCCPS\AndroidManifest.xml:252:19-95
activity#com.android.incongress.cd.conference.FindbackCCodeSecondActivity
ADDED from NCCPS2018\ConferenceBasic_NCCPS\AndroidManifest.xml:253:9-101
	android:name
		ADDED from NCCPS2018\ConferenceBasic_NCCPS\AndroidManifest.xml:253:19-98
activity#com.android.incongress.cd.conference.ChooseFieldActivity